

Microchip Technology PIC18 Macro Assembler V1.12 build 49521 
                                                                                                           Thu Nov 22 16:10:02 2018


     1                           
     2                           	; Microchip MPLAB XC8 C Compiler V1.12
     3                           	; Copyright (C) 1984-2012 HI-TECH Software
     4                           
     5                           	; Auto-generated runtime startup code for final link stage.
     6                           
     7                           	;
     8                           	; Compiler options:
     9                           	;
    10                           	; -oBen_Project.cof -mBen_Project.map --summary=default \
    11                           	; --output=default Ben_Project.p1 LCD.p1 --chip=18F25K22 -P \
    12                           	; --runtime=default --opt=default -N-1 -D__DEBUG=1 -g --asmlist \
    13                           	; --errformat=Error   [%n] %f; %l.%c %s --msgformat=Advisory[%n] %s \
    14                           	; --warnformat=Warning [%n] %f; %l.%c %s
    15                           	;
    16                           
    17                           
    18                           	processor	18F25K22
    19                           
    20                           	GLOBAL	_main,start
    21                           	FNROOT	_main
    22                           
    23  0000                     	pic18cxx	equ	1
    24                           
    25                           	; Microchip MPLAB XC8 C Compiler V1.12
    26                           	; Copyright (C) 1984-2012 HI-TECH Software
    27                           
    28                           	; Auto-generated runtime startup code for final link stage.
    29                           
    30                           	;
    31                           	; Compiler options:
    32                           	;
    33                           	; -oBen_Project.cof -mBen_Project.map --summary=default \
    34                           	; --output=default Ben_Project.p1 LCD.p1 --chip=18F25K22 -P \
    35                           	; --runtime=default --opt=default -N-1 -D__DEBUG=1 -g --asmlist \
    36                           	; --errformat=Error   [%n] %f; %l.%c %s --msgformat=Advisory[%n] %s \
    37                           	; --warnformat=Warning [%n] %f; %l.%c %s
    38                           	;
    39                           
    40                           
    41                           	processor	18F25K22
    42                           
    43                           	GLOBAL	_main,start
    44                           	FNROOT	_main
    45                           
    46                           	pic18cxx	equ	1
    47                           
    48                           	psect	config,class=CONFIG,delta=1
    49                           	psect	idloc,class=IDLOC,delta=1
    50                           	psect	const,class=CODE,delta=1,reloc=2
    51                           	psect	smallconst,class=SMALLCONST,delta=1,reloc=2
    52                           	psect	mediumconst,class=MEDIUMCONST,delta=1,reloc=2
    53                           	psect	rbss,class=COMRAM,space=1
    54                           	psect	bss,class=RAM,space=1
    55                           	psect	rdata,class=COMRAM,space=1
    56                           	psect	irdata,class=CODE,space=0,reloc=2
    57                           	psect	bss,class=RAM,space=1
    58                           	psect	data,class=RAM,space=1
    59                           	psect	idata,class=CODE,space=0,reloc=2
    60                           	psect	nvrram,class=COMRAM,space=1
    61  000000                     intlevel0:
    62  000000                     intlevel1:
    63  000000                     intlevel2:
    64                           
    65  000000                     intlevel3:
    66                           
    67                           	; Microchip MPLAB XC8 C Compiler V1.12
    68                           	; Copyright (C) 1984-2012 HI-TECH Software
    69                           
    70                           	; Auto-generated runtime startup code for final link stage.
    71                           
    72  000600                     __smallconst:
    73                           
    74                           	; Microchip MPLAB XC8 C Compiler V1.12
    75  000000                     __mediumconst:
    76  0000                     wreg	EQU	0FE8h
    77  0000                     fsr0l	EQU	0FE9h
    78  0000                     fsr0h	EQU	0FEAh
    79  0000                     fsr1l	EQU	0FE1h
    80  0000                     fsr1h	EQU	0FE2h
    81  0000                     fsr2l	EQU	0FD9h
    82  0000                     fsr2h	EQU	0FDAh
    83  0000                     postinc0	EQU	0FEEh
    84  0000                     postdec0	EQU	0FEDh
    85  0000                     postinc1	EQU	0FE6h
    86  0000                     postdec1	EQU	0FE5h
    87  0000                     postinc2	EQU	0FDEh
    88  0000                     postdec2	EQU	0FDDh
    89  0000                     tblptrl	EQU	0FF6h
    90  0000                     tblptrh	EQU	0FF7h
    91  0000                     tblptru	EQU	0FF8h
    92  0000                     tablat		EQU	0FF5h
    93                           
    94                           	; Microchip MPLAB XC8 C Compiler V1.12
    95                           	; Copyright (C) 1984-2012 HI-TECH Software
    96                           
    97                           	; Auto-generated runtime startup code for final link stage.
    98  000600                     __ramtop:
    99                           
   100                           	; Microchip MPLAB XC8 C Compiler V1.12
   101  000000                     reset_vec:
   102                           
   103                           	; Microchip MPLAB XC8 C Compiler V1.12
   104                           	; Copyright (C) 1984-2012 HI-TECH Software
   105                           
   106  000000  EF17  F001         	goto start
   107                           
   108  0000                     __accesstop EQU 96
   109                           
   110                           	; Microchip MPLAB XC8 C Compiler V1.12
   111                           	; Copyright (C) 1984-2012 HI-TECH Software
   112  00022E                     start:
   113                           
   114                           	; Microchip MPLAB XC8 C Compiler V1.12
   115  00022E  EF74  F007         	goto start_initialization	;jump to C runtime clear & initialization
   116                           
   117                           	; Microchip MPLAB XC8 C Compiler V1.12
   118                           	; Copyright (C) 1984-2012 HI-TECH Software
   119  300000                     		org 0x0
   120  300000  FF                 		db 0xFF
   121                           
   122                           	; Microchip MPLAB XC8 C Compiler V1.12
   123                           	; Copyright (C) 1984-2012 HI-TECH Software
   124                           
   125                           	; Auto-generated runtime startup code for final link stage.
   126                           
   127                           	;
   128                           	; Compiler options:
   129                           	;
   130                           	; -oBen_Project.cof -mBen_Project.map --summary=default \
   131                           	; --output=default Ben_Project.p1 LCD.p1 --chip=18F25K22 -P \
   132                           	; --runtime=default --opt=default -N-1 -D__DEBUG=1 -g --asmlist \
   133                           	; --errformat=Error   [%n] %f; %l.%c %s --msgformat=Advisory[%n] %s \
   134                           	; --warnformat=Warning [%n] %f; %l.%c %s
   135  300001                     		org 0x1
   136  300001  28                 		db 0x28
   137                           
   138                           	; Microchip MPLAB XC8 C Compiler V1.12
   139                           	; Copyright (C) 1984-2012 HI-TECH Software
   140                           
   141                           	; Auto-generated runtime startup code for final link stage.
   142  300002                     		org 0x2
   143  300002  1F                 		db 0x1F
   144                           
   145                           	; Microchip MPLAB XC8 C Compiler V1.12
   146                           	; Copyright (C) 1984-2012 HI-TECH Software
   147                           
   148                           	; Auto-generated runtime startup code for final link stage.
   149                           
   150                           	;
   151                           	; Compiler options:
   152  300003                     		org 0x3
   153  300003  3C                 		db 0x3C
   154                           
   155                           	; Microchip MPLAB XC8 C Compiler V1.12
   156                           	; Copyright (C) 1984-2012 HI-TECH Software
   157  300004                     		org 0x4
   158  300004  FF                 		db 0xFF
   159                           
   160                           	; Microchip MPLAB XC8 C Compiler V1.12
   161                           	; Copyright (C) 1984-2012 HI-TECH Software
   162                           
   163                           	; Auto-generated runtime startup code for final link stage.
   164                           
   165                           	;
   166                           	; Compiler options:
   167                           	;
   168                           	; -oBen_Project.cof -mBen_Project.map --summary=default \
   169                           	; --output=default Ben_Project.p1 LCD.p1 --chip=18F25K22 -P \
   170                           	; --runtime=default --opt=default -N-1 -D__DEBUG=1 -g --asmlist \
   171                           	; --errformat=Error   [%n] %f; %l.%c %s --msgformat=Advisory[%n] %s \
   172                           	; --warnformat=Warning [%n] %f; %l.%c %s
   173                           	;
   174                           
   175                           
   176                           	processor	18F25K22
   177  300005                     		org 0x5
   178  300005  BF                 		db 0xBF
   179                           
   180                           	; Microchip MPLAB XC8 C Compiler V1.12
   181                           	; Copyright (C) 1984-2012 HI-TECH Software
   182                           
   183                           	; Auto-generated runtime startup code for final link stage.
   184                           
   185                           	;
   186                           	; Compiler options:
   187                           	;
   188                           	; -oBen_Project.cof -mBen_Project.map --summary=default \
   189                           	; --output=default Ben_Project.p1 LCD.p1 --chip=18F25K22 -P \
   190                           	; --runtime=default --opt=default -N-1 -D__DEBUG=1 -g --asmlist \
   191  300006                     		org 0x6
   192  300006  81                 		db 0x81
   193                           
   194                           	; Microchip MPLAB XC8 C Compiler V1.12
   195                           	; Copyright (C) 1984-2012 HI-TECH Software
   196  300007                     		org 0x7
   197  300007  FF                 		db 0xFF


Microchip Technology PIC18 Macro Assembler V1.12 build 49521 
Symbol Table                                                                                               Thu Nov 22 16:10:02 2018

                __S1 0031                 _main 0622                 start 022E                __HRAM 0000  
              __LRAM 0001         __mediumconst 0000           __accesstop 000060              __ramtop 0600  
start_initialization 0EE8          __smallconst 0600             intlevel0 0000             intlevel1 0000  
           intlevel2 0000             intlevel3 0000             reset_vec 0000  
